# JRE version: Java(TM) SE Runtime Environment (8.0_144-b01) (build 1.8.0_144-b01)
# Java VM: Java HotSpot(TM) 64-Bit Server VM (25.144-b01 mixed mode windows-amd64 compressed oops)
Heap:
 PSYoungGen      total 85504K, used 27088K [0x00000000e0000000, 0x00000000e7500000, 0x0000000100000000)
  eden space 74240K, 21% used [0x00000000e0000000,0x00000000e0f7b100,0x00000000e4880000)
  from space 11264K, 99% used [0x00000000e4880000,0x00000000e5378fe0,0x00000000e5380000)
  to   space 12800K, 0% used [0x00000000e6880000,0x00000000e6880000,0x00000000e7500000)
 ParOldGen       total 60928K, used 17980K [0x00000000a0000000, 0x00000000a3b80000, 0x00000000e0000000)
  object space 60928K, 29% used [0x00000000a0000000,0x00000000a118f1c0,0x00000000a3b80000)
 Metaspace       used 42355K, capacity 43250K, committed 43520K, reserved 1087488K
  class space    used 5846K, capacity 6138K, committed 6144K, reserved 1048576K
GC Heap History (10 events):
Event: 9.247 GC heap before
{Heap before GC invocations=9 (full 1):
 PSYoungGen      total 69120K, used 64425K [0x00000000e0000000, 0x00000000e6380000, 0x0000000100000000)
  eden space 58368K, 100% used [0x00000000e0000000,0x00000000e3900000,0x00000000e3900000)
  from space 10752K, 56% used [0x00000000e3900000,0x00000000e3eea4f8,0x00000000e4380000)
  to   space 10240K, 0% used [0x00000000e5980000,0x00000000e5980000,0x00000000e6380000)
 ParOldGen       total 60928K, used 9298K [0x00000000a0000000, 0x00000000a3b80000, 0x00000000e0000000)
  object space 60928K, 15% used [0x00000000a0000000,0x00000000a09148c0,0x00000000a3b80000)
 Metaspace       used 30115K, capacity 30764K, committed 30976K, reserved 1075200K
  class space    used 4306K, capacity 4525K, committed 4608K, reserved 1048576K
Event: 9.265 GC heap after
Heap after GC invocations=9 (full 1):
 PSYoungGen      total 68608K, used 8925K [0x00000000e0000000, 0x00000000e6380000, 0x0000000100000000)
  eden space 58368K, 0% used [0x00000000e0000000,0x00000000e0000000,0x00000000e3900000)
  from space 10240K, 87% used [0x00000000e5980000,0x00000000e6237648,0x00000000e6380000)
  to   space 10752K, 0% used [0x00000000e3900000,0x00000000e3900000,0x00000000e4380000)
 ParOldGen       total 60928K, used 9306K [0x00000000a0000000, 0x00000000a3b80000, 0x00000000e0000000)
  object space 60928K, 15% used [0x00000000a0000000,0x00000000a09168c0,0x00000000a3b80000)
 Metaspace       used 30115K, capacity 30764K, committed 30976K, reserved 1075200K
  class space    used 4306K, capacity 4525K, committed 4608K, reserved 1048576K
}
Event: 9.886 GC heap before
{Heap before GC invocations=10 (full 1):
 PSYoungGen      total 68608K, used 37067K [0x00000000e0000000, 0x00000000e6380000, 0x0000000100000000)
  eden space 58368K, 48% used [0x00000000e0000000,0x00000000e1b7b938,0x00000000e3900000)
  from space 10240K, 87% used [0x00000000e5980000,0x00000000e6237648,0x00000000e6380000)
  to   space 10752K, 0% used [0x00000000e3900000,0x00000000e3900000,0x00000000e4380000)
 ParOldGen       total 60928K, used 9306K [0x00000000a0000000, 0x00000000a3b80000, 0x00000000e0000000)
  object space 60928K, 15% used [0x00000000a0000000,0x00000000a09168c0,0x00000000a3b80000)
 Metaspace       used 34570K, capacity 35278K, committed 35496K, reserved 1079296K
  class space    used 4874K, capacity 5099K, committed 5120K, reserved 1048576K
Event: 9.896 GC heap after
Heap after GC invocations=10 (full 1):
 PSYoungGen      total 69120K, used 8312K [0x00000000e0000000, 0x00000000e6480000, 0x0000000100000000)
  eden space 58368K, 0% used [0x00000000e0000000,0x00000000e0000000,0x00000000e3900000)
  from space 10752K, 77% used [0x00000000e3900000,0x00000000e411e078,0x00000000e4380000)
  to   space 11264K, 0% used [0x00000000e5980000,0x00000000e5980000,0x00000000e6480000)
 ParOldGen       total 60928K, used 10578K [0x00000000a0000000, 0x00000000a3b80000, 0x00000000e0000000)
  object space 60928K, 17% used [0x00000000a0000000,0x00000000a0a54960,0x00000000a3b80000)
 Metaspace       used 34570K, capacity 35278K, committed 35496K, reserved 1079296K
  class space    used 4874K, capacity 5099K, committed 5120K, reserved 1048576K
}
Event: 9.896 GC heap before
{Heap before GC invocations=11 (full 2):
 PSYoungGen      total 69120K, used 8312K [0x00000000e0000000, 0x00000000e6480000, 0x0000000100000000)
  eden space 58368K, 0% used [0x00000000e0000000,0x00000000e0000000,0x00000000e3900000)
  from space 10752K, 77% used [0x00000000e3900000,0x00000000e411e078,0x00000000e4380000)
  to   space 11264K, 0% used [0x00000000e5980000,0x00000000e5980000,0x00000000e6480000)
 ParOldGen       total 60928K, used 10578K [0x00000000a0000000, 0x00000000a3b80000, 0x00000000e0000000)
  object space 60928K, 17% used [0x00000000a0000000,0x00000000a0a54960,0x00000000a3b80000)
 Metaspace       used 34570K, capacity 35278K, committed 35496K, reserved 1079296K
  class space    used 4874K, capacity 5099K, committed 5120K, reserved 1048576K
Event: 9.981 GC heap after
Heap after GC invocations=11 (full 2):
 PSYoungGen      total 69120K, used 0K [0x00000000e0000000, 0x00000000e6480000, 0x0000000100000000)
  eden space 58368K, 0% used [0x00000000e0000000,0x00000000e0000000,0x00000000e3900000)
  from space 10752K, 0% used [0x00000000e3900000,0x00000000e3900000,0x00000000e4380000)
  to   space 11264K, 0% used [0x00000000e5980000,0x00000000e5980000,0x00000000e6480000)
 ParOldGen       total 60928K, used 16578K [0x00000000a0000000, 0x00000000a3b80000, 0x00000000e0000000)
  object space 60928K, 27% used [0x00000000a0000000,0x00000000a1030a50,0x00000000a3b80000)
 Metaspace       used 34570K, capacity 35278K, committed 35496K, reserved 1079296K
  class space    used 4874K, capacity 5099K, committed 5120K, reserved 1048576K
}
Event: 10.702 GC heap before
{Heap before GC invocations=12 (full 2):
 PSYoungGen      total 69120K, used 58329K [0x00000000e0000000, 0x00000000e6480000, 0x0000000100000000)
  eden space 58368K, 99% used [0x00000000e0000000,0x00000000e38f6710,0x00000000e3900000)
  from space 10752K, 0% used [0x00000000e3900000,0x00000000e3900000,0x00000000e4380000)
  to   space 11264K, 0% used [0x00000000e5980000,0x00000000e5980000,0x00000000e6480000)
 ParOldGen       total 60928K, used 16578K [0x00000000a0000000, 0x00000000a3b80000, 0x00000000e0000000)
  object space 60928K, 27% used [0x00000000a0000000,0x00000000a1030a50,0x00000000a3b80000)
 Metaspace       used 38085K, capacity 38828K, committed 39168K, reserved 1083392K
  class space    used 5301K, capacity 5532K, committed 5632K, reserved 1048576K
Event: 10.711 GC heap after
Heap after GC invocations=12 (full 2):
 PSYoungGen      total 78336K, used 4712K [0x00000000e0000000, 0x00000000e5e80000, 0x0000000100000000)
  eden space 73216K, 0% used [0x00000000e0000000,0x00000000e0000000,0x00000000e4780000)
  from space 5120K, 92% used [0x00000000e5980000,0x00000000e5e1a0a8,0x00000000e5e80000)
  to   space 11264K, 0% used [0x00000000e4880000,0x00000000e4880000,0x00000000e5380000)
 ParOldGen       total 60928K, used 16586K [0x00000000a0000000, 0x00000000a3b80000, 0x00000000e0000000)
  object space 60928K, 27% used [0x00000000a0000000,0x00000000a1032a50,0x00000000a3b80000)
 Metaspace       used 38085K, capacity 38828K, committed 39168K, reserved 1083392K
  class space    used 5301K, capacity 5532K, committed 5632K, reserved 1048576K
}
Event: 11.631 GC heap before
{Heap before GC invocations=13 (full 2):
 PSYoungGen      total 78336K, used 77928K [0x00000000e0000000, 0x00000000e5e80000, 0x0000000100000000)
  eden space 73216K, 100% used [0x00000000e0000000,0x00000000e4780000,0x00000000e4780000)
  from space 5120K, 92% used [0x00000000e5980000,0x00000000e5e1a0a8,0x00000000e5e80000)
  to   space 11264K, 0% used [0x00000000e4880000,0x00000000e4880000,0x00000000e5380000)
 ParOldGen       total 60928K, used 16586K [0x00000000a0000000, 0x00000000a3b80000, 0x00000000e0000000)
  object space 60928K, 27% used [0x00000000a0000000,0x00000000a1032a50,0x00000000a3b80000)
 Metaspace       used 41481K, capacity 42332K, committed 42624K, reserved 1085440K
  class space    used 5711K, capacity 5967K, committed 6016K, reserved 1048576K
Event: 11.655 GC heap after
Heap after GC invocations=13 (full 2):
 PSYoungGen      total 85504K, used 11235K [0x00000000e0000000, 0x00000000e7500000, 0x0000000100000000)
  eden space 74240K, 0% used [0x00000000e0000000,0x00000000e0000000,0x00000000e4880000)
  from space 11264K, 99% used [0x00000000e4880000,0x00000000e5378fe0,0x00000000e5380000)
  to   space 12800K, 0% used [0x00000000e6880000,0x00000000e6880000,0x00000000e7500000)
 ParOldGen       total 60928K, used 17980K [0x00000000a0000000, 0x00000000a3b80000, 0x00000000e0000000)
  object space 60928K, 29% used [0x00000000a0000000,0x00000000a118f1c0,0x00000000a3b80000)
 Metaspace       used 41481K, capacity 42332K, committed 42624K, reserved 1085440K
  class space    used 5711K, capacity 5967K, committed 6016K, reserved 1048576K
}

