# JRE version: Java(TM) SE Runtime Environment (8.0_144-b01) (build 1.8.0_144-b01)
# Java VM: Java HotSpot(TM) 64-Bit Server VM (25.144-b01 mixed mode windows-amd64 compressed oops)
Heap:
 PSYoungGen      total 134144K, used 32655K [0x00000000e0000000, 0x00000000eb700000, 0x0000000100000000)
  eden space 119808K, 15% used [0x00000000e0000000,0x00000000e11e76a0,0x00000000e7500000)
  from space 14336K, 99% used [0x00000000e7500000,0x00000000e82fc6b0,0x00000000e8300000)
  to   space 17920K, 0% used [0x00000000ea580000,0x00000000ea580000,0x00000000eb700000)
 ParOldGen       total 96768K, used 30289K [0x00000000a0000000, 0x00000000a5e80000, 0x00000000e0000000)
  object space 96768K, 31% used [0x00000000a0000000,0x00000000a1d94570,0x00000000a5e80000)
 Metaspace       used 54762K, capacity 57034K, committed 57216K, reserved 1097728K
  class space    used 7563K, capacity 8193K, committed 8320K, reserved 1048576K
GC Heap History (10 events):
Event: 9.109 GC heap before
{Heap before GC invocations=11 (full 2):
 PSYoungGen      total 88576K, used 8525K [0x00000000e0000000, 0x00000000e7e00000, 0x0000000100000000)
  eden space 77824K, 0% used [0x00000000e0000000,0x00000000e0000000,0x00000000e4c00000)
  from space 10752K, 79% used [0x00000000e4c00000,0x00000000e5453490,0x00000000e5680000)
  to   space 11264K, 0% used [0x00000000e7300000,0x00000000e7300000,0x00000000e7e00000)
 ParOldGen       total 61952K, used 10571K [0x00000000a0000000, 0x00000000a3c80000, 0x00000000e0000000)
  object space 61952K, 17% used [0x00000000a0000000,0x00000000a0a52cb8,0x00000000a3c80000)
 Metaspace       used 34569K, capacity 35278K, committed 35496K, reserved 1079296K
  class space    used 4874K, capacity 5099K, committed 5120K, reserved 1048576K
Event: 9.196 GC heap after
Heap after GC invocations=11 (full 2):
 PSYoungGen      total 88576K, used 0K [0x00000000e0000000, 0x00000000e7e00000, 0x0000000100000000)
  eden space 77824K, 0% used [0x00000000e0000000,0x00000000e0000000,0x00000000e4c00000)
  from space 10752K, 0% used [0x00000000e4c00000,0x00000000e4c00000,0x00000000e5680000)
  to   space 11264K, 0% used [0x00000000e7300000,0x00000000e7300000,0x00000000e7e00000)
 ParOldGen       total 96768K, used 16779K [0x00000000a0000000, 0x00000000a5e80000, 0x00000000e0000000)
  object space 96768K, 17% used [0x00000000a0000000,0x00000000a1062e40,0x00000000a5e80000)
 Metaspace       used 34569K, capacity 35278K, committed 35496K, reserved 1079296K
  class space    used 4874K, capacity 5099K, committed 5120K, reserved 1048576K
}
Event: 10.060 GC heap before
{Heap before GC invocations=12 (full 2):
 PSYoungGen      total 88576K, used 77824K [0x00000000e0000000, 0x00000000e7e00000, 0x0000000100000000)
  eden space 77824K, 100% used [0x00000000e0000000,0x00000000e4c00000,0x00000000e4c00000)
  from space 10752K, 0% used [0x00000000e4c00000,0x00000000e4c00000,0x00000000e5680000)
  to   space 11264K, 0% used [0x00000000e7300000,0x00000000e7300000,0x00000000e7e00000)
 ParOldGen       total 96768K, used 16779K [0x00000000a0000000, 0x00000000a5e80000, 0x00000000e0000000)
  object space 96768K, 17% used [0x00000000a0000000,0x00000000a1062e40,0x00000000a5e80000)
 Metaspace       used 38776K, capacity 39576K, committed 39936K, reserved 1083392K
  class space    used 5391K, capacity 5630K, committed 5632K, reserved 1048576K
Event: 10.072 GC heap after
Heap after GC invocations=12 (full 2):
 PSYoungGen      total 104960K, used 7224K [0x00000000e0000000, 0x00000000e7a80000, 0x0000000100000000)
  eden space 97280K, 0% used [0x00000000e0000000,0x00000000e0000000,0x00000000e5f00000)
  from space 7680K, 94% used [0x00000000e7300000,0x00000000e7a0e190,0x00000000e7a80000)
  to   space 10752K, 0% used [0x00000000e6580000,0x00000000e6580000,0x00000000e7000000)
 ParOldGen       total 96768K, used 16787K [0x00000000a0000000, 0x00000000a5e80000, 0x00000000e0000000)
  object space 96768K, 17% used [0x00000000a0000000,0x00000000a1064e40,0x00000000a5e80000)
 Metaspace       used 38776K, capacity 39576K, committed 39936K, reserved 1083392K
  class space    used 5391K, capacity 5630K, committed 5632K, reserved 1048576K
}
Event: 11.586 GC heap before
{Heap before GC invocations=13 (full 2):
 PSYoungGen      total 104960K, used 104504K [0x00000000e0000000, 0x00000000e7a80000, 0x0000000100000000)
  eden space 97280K, 100% used [0x00000000e0000000,0x00000000e5f00000,0x00000000e5f00000)
  from space 7680K, 94% used [0x00000000e7300000,0x00000000e7a0e190,0x00000000e7a80000)
  to   space 10752K, 0% used [0x00000000e6580000,0x00000000e6580000,0x00000000e7000000)
 ParOldGen       total 96768K, used 16787K [0x00000000a0000000, 0x00000000a5e80000, 0x00000000e0000000)
  object space 96768K, 17% used [0x00000000a0000000,0x00000000a1064e40,0x00000000a5e80000)
 Metaspace       used 42439K, capacity 43334K, committed 43520K, reserved 1087488K
  class space    used 5844K, capacity 6138K, committed 6144K, reserved 1048576K
Event: 11.600 GC heap after
Heap after GC invocations=13 (full 2):
 PSYoungGen      total 114688K, used 10748K [0x00000000e0000000, 0x00000000e9000000, 0x0000000100000000)
  eden space 103936K, 0% used [0x00000000e0000000,0x00000000e0000000,0x00000000e6580000)
  from space 10752K, 99% used [0x00000000e6580000,0x00000000e6fff300,0x00000000e7000000)
  to   space 13312K, 0% used [0x00000000e8300000,0x00000000e8300000,0x00000000e9000000)
 ParOldGen       total 96768K, used 19940K [0x00000000a0000000, 0x00000000a5e80000, 0x00000000e0000000)
  object space 96768K, 20% used [0x00000000a0000000,0x00000000a1379200,0x00000000a5e80000)
 Metaspace       used 42439K, capacity 43334K, committed 43520K, reserved 1087488K
  class space    used 5844K, capacity 6138K, committed 6144K, reserved 1048576K
}
Event: 12.969 GC heap before
{Heap before GC invocations=14 (full 2):
 PSYoungGen      total 114688K, used 114684K [0x00000000e0000000, 0x00000000e9000000, 0x0000000100000000)
  eden space 103936K, 100% used [0x00000000e0000000,0x00000000e6580000,0x00000000e6580000)
  from space 10752K, 99% used [0x00000000e6580000,0x00000000e6fff300,0x00000000e7000000)
  to   space 13312K, 0% used [0x00000000e8300000,0x00000000e8300000,0x00000000e9000000)
 ParOldGen       total 96768K, used 19940K [0x00000000a0000000, 0x00000000a5e80000, 0x00000000e0000000)
  object space 96768K, 20% used [0x00000000a0000000,0x00000000a1379200,0x00000000a5e80000)
 Metaspace       used 47624K, capacity 48630K, committed 48768K, reserved 1091584K
  class space    used 6516K, capacity 6782K, committed 6784K, reserved 1048576K
Event: 12.995 GC heap after
Heap after GC invocations=14 (full 2):
 PSYoungGen      total 133120K, used 11552K [0x00000000e0000000, 0x00000000e9b80000, 0x0000000100000000)
  eden space 119808K, 0% used [0x00000000e0000000,0x00000000e0000000,0x00000000e7500000)
  from space 13312K, 86% used [0x00000000e8300000,0x00000000e8e48090,0x00000000e9000000)
  to   space 14336K, 0% used [0x00000000e7500000,0x00000000e7500000,0x00000000e8300000)
 ParOldGen       total 96768K, used 24504K [0x00000000a0000000, 0x00000000a5e80000, 0x00000000e0000000)
  object space 96768K, 25% used [0x00000000a0000000,0x00000000a17ee368,0x00000000a5e80000)
 Metaspace       used 47624K, capacity 48630K, committed 48768K, reserved 1091584K
  class space    used 6516K, capacity 6782K, committed 6784K, reserved 1048576K
}
Event: 15.333 GC heap before
{Heap before GC invocations=15 (full 2):
 PSYoungGen      total 133120K, used 131360K [0x00000000e0000000, 0x00000000e9b80000, 0x0000000100000000)
  eden space 119808K, 100% used [0x00000000e0000000,0x00000000e7500000,0x00000000e7500000)
  from space 13312K, 86% used [0x00000000e8300000,0x00000000e8e48090,0x00000000e9000000)
  to   space 14336K, 0% used [0x00000000e7500000,0x00000000e7500000,0x00000000e8300000)
 ParOldGen       total 96768K, used 24504K [0x00000000a0000000, 0x00000000a5e80000, 0x00000000e0000000)
  object space 96768K, 25% used [0x00000000a0000000,0x00000000a17ee368,0x00000000a5e80000)
 Metaspace       used 54340K, capacity 56320K, committed 56448K, reserved 1097728K
  class space    used 7515K, capacity 8049K, committed 8064K, reserved 1048576K
Event: 15.371 GC heap after
Heap after GC invocations=15 (full 2):
 PSYoungGen      total 134144K, used 14321K [0x00000000e0000000, 0x00000000eb700000, 0x0000000100000000)
  eden space 119808K, 0% used [0x00000000e0000000,0x00000000e0000000,0x00000000e7500000)
  from space 14336K, 99% used [0x00000000e7500000,0x00000000e82fc6b0,0x00000000e8300000)
  to   space 17920K, 0% used [0x00000000ea580000,0x00000000ea580000,0x00000000eb700000)
 ParOldGen       total 96768K, used 30289K [0x00000000a0000000, 0x00000000a5e80000, 0x00000000e0000000)
  object space 96768K, 31% used [0x00000000a0000000,0x00000000a1d94570,0x00000000a5e80000)
 Metaspace       used 54340K, capacity 56320K, committed 56448K, reserved 1097728K
  class space    used 7515K, capacity 8049K, committed 8064K, reserved 1048576K
}

