# JRE version: OpenJDK Runtime Environment (8.0_152-b06) (build 1.8.0_152-release-1136-b06)
# Java VM: OpenJDK 64-Bit Server VM (25.152-b06 mixed mode windows-amd64 compressed oops)
Heap:
 PSYoungGen      total 377856K, used 268948K [0x00000000e0000000, 0x00000000fe700000, 0x0000000100000000)
  eden space 280576K, 74% used [0x00000000e0000000,0x00000000ecb949c8,0x00000000f1200000)
  from space 97280K, 62% used [0x00000000f8800000,0x00000000fc310920,0x00000000fe700000)
  to   space 109056K, 0% used [0x00000000f1200000,0x00000000f1200000,0x00000000f7c80000)
 ParOldGen       total 239616K, used 180865K [0x00000000a0000000, 0x00000000aea00000, 0x00000000e0000000)
  object space 239616K, 75% used [0x00000000a0000000,0x00000000ab0a0718,0x00000000aea00000)
 Metaspace       used 88542K, capacity 94190K, committed 94336K, reserved 1132544K
  class space    used 11025K, capacity 12141K, committed 12160K, reserved 1048576K
GC Heap History (10 events):
Event: 870.750 GC heap before
{Heap before GC invocations=22 (full 4):
 PSYoungGen      total 431104K, used 413208K [0x00000000e0000000, 0x0000000100000000, 0x0000000100000000)
  eden space 354816K, 100% used [0x00000000e0000000,0x00000000f5a80000,0x00000000f5a80000)
  from space 76288K, 76% used [0x00000000f5a80000,0x00000000f9386128,0x00000000fa500000)
  to   space 82432K, 0% used [0x00000000faf80000,0x00000000faf80000,0x0000000100000000)
 ParOldGen       total 239616K, used 129275K [0x00000000a0000000, 0x00000000aea00000, 0x00000000e0000000)
  object space 239616K, 53% used [0x00000000a0000000,0x00000000a7e3ece8,0x00000000aea00000)
 Metaspace       used 86080K, capacity 90970K, committed 91136K, reserved 1128448K
  class space    used 10907K, capacity 11941K, committed 12032K, reserved 1048576K
Event: 870.813 GC heap after
Heap after GC invocations=22 (full 4):
 PSYoungGen      total 431616K, used 60505K [0x00000000e0000000, 0x0000000100000000, 0x0000000100000000)
  eden space 349184K, 0% used [0x00000000e0000000,0x00000000e0000000,0x00000000f5500000)
  from space 82432K, 73% used [0x00000000faf80000,0x00000000fea964a8,0x0000000100000000)
  to   space 87552K, 0% used [0x00000000f5500000,0x00000000f5500000,0x00000000faa80000)
 ParOldGen       total 239616K, used 129283K [0x00000000a0000000, 0x00000000aea00000, 0x00000000e0000000)
  object space 239616K, 53% used [0x00000000a0000000,0x00000000a7e40ce8,0x00000000aea00000)
 Metaspace       used 86080K, capacity 90970K, committed 91136K, reserved 1128448K
  class space    used 10907K, capacity 11941K, committed 12032K, reserved 1048576K
}
Event: 1211.477 GC heap before
{Heap before GC invocations=23 (full 4):
 PSYoungGen      total 431616K, used 409689K [0x00000000e0000000, 0x0000000100000000, 0x0000000100000000)
  eden space 349184K, 100% used [0x00000000e0000000,0x00000000f5500000,0x00000000f5500000)
  from space 82432K, 73% used [0x00000000faf80000,0x00000000fea964a8,0x0000000100000000)
  to   space 87552K, 0% used [0x00000000f5500000,0x00000000f5500000,0x00000000faa80000)
 ParOldGen       total 239616K, used 129283K [0x00000000a0000000, 0x00000000aea00000, 0x00000000e0000000)
  object space 239616K, 53% used [0x00000000a0000000,0x00000000a7e40ce8,0x00000000aea00000)
 Metaspace       used 87096K, capacity 92298K, committed 92544K, reserved 1130496K
  class space    used 10969K, capacity 12051K, committed 12160K, reserved 1048576K
Event: 1211.631 GC heap after
Heap after GC invocations=23 (full 4):
 PSYoungGen      total 436736K, used 87521K [0x00000000e0000000, 0x0000000100000000, 0x0000000100000000)
  eden space 349184K, 0% used [0x00000000e0000000,0x00000000e0000000,0x00000000f5500000)
  from space 87552K, 99% used [0x00000000f5500000,0x00000000faa78660,0x00000000faa80000)
  to   space 87552K, 0% used [0x00000000faa80000,0x00000000faa80000,0x0000000100000000)
 ParOldGen       total 239616K, used 153661K [0x00000000a0000000, 0x00000000aea00000, 0x00000000e0000000)
  object space 239616K, 64% used [0x00000000a0000000,0x00000000a960f7f0,0x00000000aea00000)
 Metaspace       used 87096K, capacity 92298K, committed 92544K, reserved 1130496K
  class space    used 10969K, capacity 12051K, committed 12160K, reserved 1048576K
}
Event: 1256.839 GC heap before
{Heap before GC invocations=24 (full 4):
 PSYoungGen      total 436736K, used 436705K [0x00000000e0000000, 0x0000000100000000, 0x0000000100000000)
  eden space 349184K, 100% used [0x00000000e0000000,0x00000000f5500000,0x00000000f5500000)
  from space 87552K, 99% used [0x00000000f5500000,0x00000000faa78660,0x00000000faa80000)
  to   space 87552K, 0% used [0x00000000faa80000,0x00000000faa80000,0x0000000100000000)
 ParOldGen       total 239616K, used 153661K [0x00000000a0000000, 0x00000000aea00000, 0x00000000e0000000)
  object space 239616K, 64% used [0x00000000a0000000,0x00000000a960f7f0,0x00000000aea00000)
 Metaspace       used 87524K, capacity 92832K, committed 93056K, reserved 1130496K
  class space    used 10975K, capacity 12060K, committed 12160K, reserved 1048576K
Event: 1256.947 GC heap after
Heap after GC invocations=24 (full 4):
 PSYoungGen      total 388608K, used 63331K [0x00000000e0000000, 0x0000000100000000, 0x0000000100000000)
  eden space 301056K, 0% used [0x00000000e0000000,0x00000000e0000000,0x00000000f2600000)
  from space 87552K, 72% used [0x00000000faa80000,0x00000000fe858ca8,0x0000000100000000)
  to   space 111616K, 0% used [0x00000000f2600000,0x00000000f2600000,0x00000000f9300000)
 ParOldGen       total 239616K, used 180849K [0x00000000a0000000, 0x00000000aea00000, 0x00000000e0000000)
  object space 239616K, 75% used [0x00000000a0000000,0x00000000ab09c718,0x00000000aea00000)
 Metaspace       used 87524K, capacity 92832K, committed 93056K, reserved 1130496K
  class space    used 10975K, capacity 12060K, committed 12160K, reserved 1048576K
}
Event: 1598.158 GC heap before
{Heap before GC invocations=25 (full 4):
 PSYoungGen      total 388608K, used 364387K [0x00000000e0000000, 0x0000000100000000, 0x0000000100000000)
  eden space 301056K, 100% used [0x00000000e0000000,0x00000000f2600000,0x00000000f2600000)
  from space 87552K, 72% used [0x00000000faa80000,0x00000000fe858ca8,0x0000000100000000)
  to   space 111616K, 0% used [0x00000000f2600000,0x00000000f2600000,0x00000000f9300000)
 ParOldGen       total 239616K, used 180849K [0x00000000a0000000, 0x00000000aea00000, 0x00000000e0000000)
  object space 239616K, 75% used [0x00000000a0000000,0x00000000ab09c718,0x00000000aea00000)
 Metaspace       used 87917K, capacity 93266K, committed 93568K, reserved 1130496K
  class space    used 10980K, capacity 12065K, committed 12160K, reserved 1048576K
Event: 1598.216 GC heap after
Heap after GC invocations=25 (full 4):
 PSYoungGen      total 351232K, used 60131K [0x00000000e0000000, 0x00000000ff400000, 0x0000000100000000)
  eden space 290816K, 0% used [0x00000000e0000000,0x00000000e0000000,0x00000000f1c00000)
  from space 60416K, 99% used [0x00000000f2600000,0x00000000f60b8fc0,0x00000000f6100000)
  to   space 110592K, 0% used [0x00000000f8800000,0x00000000f8800000,0x00000000ff400000)
 ParOldGen       total 239616K, used 180857K [0x00000000a0000000, 0x00000000aea00000, 0x00000000e0000000)
  object space 239616K, 75% used [0x00000000a0000000,0x00000000ab09e718,0x00000000aea00000)
 Metaspace       used 87917K, capacity 93266K, committed 93568K, reserved 1130496K
  class space    used 10980K, capacity 12065K, committed 12160K, reserved 1048576K
}
Event: 1659.217 GC heap before
{Heap before GC invocations=26 (full 4):
 PSYoungGen      total 351232K, used 350947K [0x00000000e0000000, 0x00000000ff400000, 0x0000000100000000)
  eden space 290816K, 100% used [0x00000000e0000000,0x00000000f1c00000,0x00000000f1c00000)
  from space 60416K, 99% used [0x00000000f2600000,0x00000000f60b8fc0,0x00000000f6100000)
  to   space 110592K, 0% used [0x00000000f8800000,0x00000000f8800000,0x00000000ff400000)
 ParOldGen       total 239616K, used 180857K [0x00000000a0000000, 0x00000000aea00000, 0x00000000e0000000)
  object space 239616K, 75% used [0x00000000a0000000,0x00000000ab09e718,0x00000000aea00000)
 Metaspace       used 88391K, capacity 93998K, committed 94080K, reserved 1130496K
  class space    used 11022K, capacity 12141K, committed 12160K, reserved 1048576K
Event: 1659.294 GC heap after
Heap after GC invocations=26 (full 4):
 PSYoungGen      total 377856K, used 60482K [0x00000000e0000000, 0x00000000fe700000, 0x0000000100000000)
  eden space 280576K, 0% used [0x00000000e0000000,0x00000000e0000000,0x00000000f1200000)
  from space 97280K, 62% used [0x00000000f8800000,0x00000000fc310920,0x00000000fe700000)
  to   space 109056K, 0% used [0x00000000f1200000,0x00000000f1200000,0x00000000f7c80000)
 ParOldGen       total 239616K, used 180865K [0x00000000a0000000, 0x00000000aea00000, 0x00000000e0000000)
  object space 239616K, 75% used [0x00000000a0000000,0x00000000ab0a0718,0x00000000aea00000)
 Metaspace       used 88391K, capacity 93998K, committed 94080K, reserved 1130496K
  class space    used 11022K, capacity 12141K, committed 12160K, reserved 1048576K
}

