# JRE version: Java(TM) SE Runtime Environment (8.0_144-b01) (build 1.8.0_144-b01)
# Java VM: Java HotSpot(TM) 64-Bit Server VM (25.144-b01 mixed mode windows-amd64 compressed oops)
Heap:
 PSYoungGen      total 147968K, used 87384K [0x00000000e0000000, 0x00000000ec500000, 0x0000000100000000)
  eden space 133632K, 65% used [0x00000000e0000000,0x00000000e5556148,0x00000000e8280000)
  from space 14336K, 0% used [0x00000000e8280000,0x00000000e8280000,0x00000000e9080000)
  to   space 18432K, 0% used [0x00000000eb300000,0x00000000eb300000,0x00000000ec500000)
 ParOldGen       total 147456K, used 40272K [0x00000000a0000000, 0x00000000a9000000, 0x00000000e0000000)
  object space 147456K, 27% used [0x00000000a0000000,0x00000000a27542f8,0x00000000a9000000)
 Metaspace       used 60496K, capacity 62706K, committed 62976K, reserved 1103872K
  class space    used 8268K, capacity 8859K, committed 8960K, reserved 1048576K
GC Heap History (10 events):
Event: 10.896 GC heap before
{Heap before GC invocations=12 (full 2):
 PSYoungGen      total 95744K, used 84480K [0x00000000e0000000, 0x00000000e8b80000, 0x0000000100000000)
  eden space 84480K, 100% used [0x00000000e0000000,0x00000000e5280000,0x00000000e5280000)
  from space 11264K, 0% used [0x00000000e5280000,0x00000000e5280000,0x00000000e5d80000)
  to   space 11776K, 0% used [0x00000000e8000000,0x00000000e8000000,0x00000000e8b80000)
 ParOldGen       total 92672K, used 17071K [0x00000000a0000000, 0x00000000a5a80000, 0x00000000e0000000)
  object space 92672K, 18% used [0x00000000a0000000,0x00000000a10abc80,0x00000000a5a80000)
 Metaspace       used 40713K, capacity 41222K, committed 41600K, reserved 1085440K
  class space    used 5588K, capacity 5755K, committed 5760K, reserved 1048576K
Event: 10.908 GC heap after
Heap after GC invocations=12 (full 2):
 PSYoungGen      total 116224K, used 8605K [0x00000000e0000000, 0x00000000e8880000, 0x0000000100000000)
  eden space 107520K, 0% used [0x00000000e0000000,0x00000000e0000000,0x00000000e6900000)
  from space 8704K, 98% used [0x00000000e8000000,0x00000000e88674f0,0x00000000e8880000)
  to   space 11776K, 0% used [0x00000000e7180000,0x00000000e7180000,0x00000000e7d00000)
 ParOldGen       total 92672K, used 17079K [0x00000000a0000000, 0x00000000a5a80000, 0x00000000e0000000)
  object space 92672K, 18% used [0x00000000a0000000,0x00000000a10adc80,0x00000000a5a80000)
 Metaspace       used 40713K, capacity 41222K, committed 41600K, reserved 1085440K
  class space    used 5588K, capacity 5755K, committed 5760K, reserved 1048576K
}
Event: 14.857 GC heap before
{Heap before GC invocations=13 (full 2):
 PSYoungGen      total 116224K, used 116125K [0x00000000e0000000, 0x00000000e8880000, 0x0000000100000000)
  eden space 107520K, 100% used [0x00000000e0000000,0x00000000e6900000,0x00000000e6900000)
  from space 8704K, 98% used [0x00000000e8000000,0x00000000e88674f0,0x00000000e8880000)
  to   space 11776K, 0% used [0x00000000e7180000,0x00000000e7180000,0x00000000e7d00000)
 ParOldGen       total 92672K, used 17079K [0x00000000a0000000, 0x00000000a5a80000, 0x00000000e0000000)
  object space 92672K, 18% used [0x00000000a0000000,0x00000000a10adc80,0x00000000a5a80000)
 Metaspace       used 45340K, capacity 46126K, committed 46336K, reserved 1089536K
  class space    used 6171K, capacity 6390K, committed 6400K, reserved 1048576K
Event: 14.876 GC heap after
Heap after GC invocations=13 (full 2):
 PSYoungGen      total 128000K, used 11750K [0x00000000e0000000, 0x00000000e9e00000, 0x0000000100000000)
  eden space 116224K, 0% used [0x00000000e0000000,0x00000000e0000000,0x00000000e7180000)
  from space 11776K, 99% used [0x00000000e7180000,0x00000000e7cf9830,0x00000000e7d00000)
  to   space 13824K, 0% used [0x00000000e9080000,0x00000000e9080000,0x00000000e9e00000)
 ParOldGen       total 92672K, used 18688K [0x00000000a0000000, 0x00000000a5a80000, 0x00000000e0000000)
  object space 92672K, 20% used [0x00000000a0000000,0x00000000a1240358,0x00000000a5a80000)
 Metaspace       used 45340K, capacity 46126K, committed 46336K, reserved 1089536K
  class space    used 6171K, capacity 6390K, committed 6400K, reserved 1048576K
}
Event: 17.004 GC heap before
{Heap before GC invocations=14 (full 2):
 PSYoungGen      total 128000K, used 127974K [0x00000000e0000000, 0x00000000e9e00000, 0x0000000100000000)
  eden space 116224K, 100% used [0x00000000e0000000,0x00000000e7180000,0x00000000e7180000)
  from space 11776K, 99% used [0x00000000e7180000,0x00000000e7cf9830,0x00000000e7d00000)
  to   space 13824K, 0% used [0x00000000e9080000,0x00000000e9080000,0x00000000e9e00000)
 ParOldGen       total 92672K, used 18688K [0x00000000a0000000, 0x00000000a5a80000, 0x00000000e0000000)
  object space 92672K, 20% used [0x00000000a0000000,0x00000000a1240358,0x00000000a5a80000)
 Metaspace       used 50871K, capacity 51766K, committed 51968K, reserved 1093632K
  class space    used 6863K, capacity 7106K, committed 7168K, reserved 1048576K
Event: 17.021 GC heap after
Heap after GC invocations=14 (full 2):
 PSYoungGen      total 147456K, used 10364K [0x00000000e0000000, 0x00000000ea880000, 0x0000000100000000)
  eden space 133632K, 0% used [0x00000000e0000000,0x00000000e0000000,0x00000000e8280000)
  from space 13824K, 74% used [0x00000000e9080000,0x00000000e9a9f1e8,0x00000000e9e00000)
  to   space 14336K, 0% used [0x00000000e8280000,0x00000000e8280000,0x00000000e9080000)
 ParOldGen       total 92672K, used 23573K [0x00000000a0000000, 0x00000000a5a80000, 0x00000000e0000000)
  object space 92672K, 25% used [0x00000000a0000000,0x00000000a17054f0,0x00000000a5a80000)
 Metaspace       used 50871K, capacity 51766K, committed 51968K, reserved 1093632K
  class space    used 6863K, capacity 7106K, committed 7168K, reserved 1048576K
}
Event: 19.427 GC heap before
{Heap before GC invocations=15 (full 2):
 PSYoungGen      total 147456K, used 104127K [0x00000000e0000000, 0x00000000ea880000, 0x0000000100000000)
  eden space 133632K, 70% used [0x00000000e0000000,0x00000000e5b90bf8,0x00000000e8280000)
  from space 13824K, 74% used [0x00000000e9080000,0x00000000e9a9f1e8,0x00000000e9e00000)
  to   space 14336K, 0% used [0x00000000e8280000,0x00000000e8280000,0x00000000e9080000)
 ParOldGen       total 92672K, used 23573K [0x00000000a0000000, 0x00000000a5a80000, 0x00000000e0000000)
  object space 92672K, 25% used [0x00000000a0000000,0x00000000a17054f0,0x00000000a5a80000)
 Metaspace       used 57089K, capacity 59138K, committed 59160K, reserved 1099776K
  class space    used 7812K, capacity 8298K, committed 8320K, reserved 1048576K
Event: 19.451 GC heap after
Heap after GC invocations=15 (full 2):
 PSYoungGen      total 147968K, used 14321K [0x00000000e0000000, 0x00000000ec500000, 0x0000000100000000)
  eden space 133632K, 0% used [0x00000000e0000000,0x00000000e0000000,0x00000000e8280000)
  from space 14336K, 99% used [0x00000000e8280000,0x00000000e907c6c0,0x00000000e9080000)
  to   space 18432K, 0% used [0x00000000eb300000,0x00000000eb300000,0x00000000ec500000)
 ParOldGen       total 92672K, used 30437K [0x00000000a0000000, 0x00000000a5a80000, 0x00000000e0000000)
  object space 92672K, 32% used [0x00000000a0000000,0x00000000a1db9588,0x00000000a5a80000)
 Metaspace       used 57089K, capacity 59138K, committed 59160K, reserved 1099776K
  class space    used 7812K, capacity 8298K, committed 8320K, reserved 1048576K
}
Event: 19.451 GC heap before
{Heap before GC invocations=16 (full 3):
 PSYoungGen      total 147968K, used 14321K [0x00000000e0000000, 0x00000000ec500000, 0x0000000100000000)
  eden space 133632K, 0% used [0x00000000e0000000,0x00000000e0000000,0x00000000e8280000)
  from space 14336K, 99% used [0x00000000e8280000,0x00000000e907c6c0,0x00000000e9080000)
  to   space 18432K, 0% used [0x00000000eb300000,0x00000000eb300000,0x00000000ec500000)
 ParOldGen       total 92672K, used 30437K [0x00000000a0000000, 0x00000000a5a80000, 0x00000000e0000000)
  object space 92672K, 32% used [0x00000000a0000000,0x00000000a1db9588,0x00000000a5a80000)
 Metaspace       used 57089K, capacity 59138K, committed 59160K, reserved 1099776K
  class space    used 7812K, capacity 8298K, committed 8320K, reserved 1048576K
Event: 19.753 GC heap after
Heap after GC invocations=16 (full 3):
 PSYoungGen      total 147968K, used 0K [0x00000000e0000000, 0x00000000ec500000, 0x0000000100000000)
  eden space 133632K, 0% used [0x00000000e0000000,0x00000000e0000000,0x00000000e8280000)
  from space 14336K, 0% used [0x00000000e8280000,0x00000000e8280000,0x00000000e9080000)
  to   space 18432K, 0% used [0x00000000eb300000,0x00000000eb300000,0x00000000ec500000)
 ParOldGen       total 147456K, used 40272K [0x00000000a0000000, 0x00000000a9000000, 0x00000000e0000000)
  object space 147456K, 27% used [0x00000000a0000000,0x00000000a27542f8,0x00000000a9000000)
 Metaspace       used 57089K, capacity 59138K, committed 59160K, reserved 1099776K
  class space    used 7812K, capacity 8298K, committed 8320K, reserved 1048576K
}

